<html>
<head>
<title>TestNG:  test1</title>
<link href="../testng.css" rel="stylesheet" type="text/css" />
<link href="../my-testng.css" rel="stylesheet" type="text/css" />

<style type="text/css">
.log { display: none;} 
.stack-trace { display: none;} 
</style>
<script type="text/javascript">
<!--
function flip(e) {
  current = e.style.display;
  if (current == 'block') {
    e.style.display = 'none';
    return 0;
  }
  else {
    e.style.display = 'block';
    return 1;
  }
}

function toggleBox(szDivId, elem, msg1, msg2)
{
  var res = -1;  if (document.getElementById) {
    res = flip(document.getElementById(szDivId));
  }
  else if (document.all) {
    // this is the way old msie versions work
    res = flip(document.all[szDivId]);
  }
  if(elem) {
    if(res == 0) elem.innerHTML = msg1; else elem.innerHTML = msg2;
  }

}

function toggleAllBoxes() {
  if (document.getElementsByTagName) {
    d = document.getElementsByTagName('div');
    for (i = 0; i < d.length; i++) {
      if (d[i].className == 'log') {
        flip(d[i]);
      }
    }
  }
}

// -->
</script>

</head>
<body>
<h2 align='center'>test1</h2><table border='1' align="center">
<tr>
<td>Tests passed/Failed/Skipped:</td><td>1/1/2</td>
</tr><tr>
<td>Started on:</td><td>Wed Oct 25 19:21:20 CST 2017</td>
</tr>
<tr><td>Total time:</td><td>48 seconds (48358 ms)</td>
</tr><tr>
<td>Included groups:</td><td></td>
</tr><tr>
<td>Excluded groups:</td><td></td>
</tr>
</table><p/>
<small><i>(Hover the method name to see the test class name)</i></small><p/>
<table width='100%' border='1' class='invocation-failed'>
<tr><td colspan='4' align='center'><b>FAILED TESTS</b></td></tr>
<tr><td><b>Test method</b></td>
<td width="30%"><b>Exception</b></td>
<td width="10%"><b>Time (seconds)</b></td>
<td><b>Instance</b></td>
</tr>
<tr>
<td title='com.chandao.testcase.LoginTest.loginTest()'><b>loginTest</b><br>Test class: com.chandao.testcase.LoginTest<br/>
<a href="#Output-2041996211" onClick='toggleBox("Output-2041996211", this, "Show output", "Hide output");'>Show output</a>

<a href="#Output-2041996211" onClick="toggleAllBoxes();">Show all outputs</a>
<div class='log' id="Output-2041996211">
<span style="color:#16A05D"><b>[2017-10-25 19:21:50] [INFO] com.chandao.utils.TestNGListener: 测试用例开始执行</b></span><br /><br/>
<span style="color:#16A05D"><b>[2017-10-25 19:21:54] [INFO] com.chandao.baseframework.DriverUntils: 打开网址：http://192.168.1.120:81/zentao/</b></span><br /><br/>
<span style="color:#16A05D"><b>[2017-10-25 19:22:04] [INFO] com.chandao.baseframework.DriverUntils: 失败截图保存的路径为:C:\Users\cjj123\workspace\T71Chandao\Shot\findElementErrorImage_2017_10_25_19_22_04.png</b></span><br /><br/>
<span style="color:#16A05D"><b>[2017-10-25 19:22:04] [INFO] com.chandao.baseframework.DriverUntils: 截图成功！！！</b></span><br /><br/>
<a target='_blank' href="file:C:\Users\cjj123\workspace\T71Chandao\Shot\findElementErrorImage_2017_10_25_19_22_04.png"><br/>
<img width="350" src="file:C:\Users\cjj123\workspace\T71Chandao\Shot\findElementErrorImage_2017_10_25_19_22_04.png" />    截图：C:\Users\cjj123\AppData\Local\Temp\screenshot6875919668486708256.png<br/>
</a><br /><br/>
<span style="color:#16A05D"><b>[2017-10-25 19:22:04] [INFO] com.chandao.baseframework.DriverUntils: 元素：用户名输入框 识别异常</b></span><br /><br/>
<span style="color:#FF0000"><b>[2017-10-25 19:22:04] [ERROR] com.chandao.utils.TestNGListener: 测试用例执行失败</b></span><br /><br/>
</div>
</td>
<td><div><pre>junit.framework.AssertionFailedError: 查找元素异常，退出当前测试用例
	at junit.framework.Assert.fail(Assert.java:47)
	at com.chandao.baseframework.WebElementUntils.getElement(WebElementUntils.java:57)
	at com.chandao.baseframework.WebElementUntils$1.apply(WebElementUntils.java:66)
	at com.chandao.baseframework.WebElementUntils$1.apply(WebElementUntils.java:1)
	at org.openqa.selenium.support.ui.FluentWait.until(FluentWait.java:209)
	at com.chandao.baseframework.WebElementUntils.findElement(WebElementUntils.java:64)
	at com.chandao.baseframework.WebElementUntils.sendkeys(WebElementUntils.java:79)
	at com.chandao.pages.LoginPage.inputUserName(LoginPage.java:30)
	at com.chandao.actions.LoginOperate.LoginSuess(LoginOperate.java:25)
	at com.chandao.actions.LoginOperate.getLoginName(LoginOperate.java:31)
	at com.chandao.testcase.LoginTest.loginTest(LoginTest.java:46)
... Removed 25 stack frames</pre></div><a href='#' onClick='toggleBox("stack-trace2041996211", this, "Click to show all stack frames", "Click to hide stack frames")'>Click to show all stack frames</a>
<div class='stack-trace' id='stack-trace2041996211'><pre>junit.framework.AssertionFailedError: 查找元素异常，退出当前测试用例
	at junit.framework.Assert.fail(Assert.java:47)
	at com.chandao.baseframework.WebElementUntils.getElement(WebElementUntils.java:57)
	at com.chandao.baseframework.WebElementUntils$1.apply(WebElementUntils.java:66)
	at com.chandao.baseframework.WebElementUntils$1.apply(WebElementUntils.java:1)
	at org.openqa.selenium.support.ui.FluentWait.until(FluentWait.java:209)
	at com.chandao.baseframework.WebElementUntils.findElement(WebElementUntils.java:64)
	at com.chandao.baseframework.WebElementUntils.sendkeys(WebElementUntils.java:79)
	at com.chandao.pages.LoginPage.inputUserName(LoginPage.java:30)
	at com.chandao.actions.LoginOperate.LoginSuess(LoginOperate.java:25)
	at com.chandao.actions.LoginOperate.getLoginName(LoginOperate.java:31)
	at com.chandao.testcase.LoginTest.loginTest(LoginTest.java:46)
	at sun.reflect.NativeMethodAccessorImpl.invoke0(Native Method)
	at sun.reflect.NativeMethodAccessorImpl.invoke(NativeMethodAccessorImpl.java:62)
	at sun.reflect.DelegatingMethodAccessorImpl.invoke(DelegatingMethodAccessorImpl.java:43)
	at java.lang.reflect.Method.invoke(Method.java:498)
	at org.testng.internal.MethodInvocationHelper.invokeMethod(MethodInvocationHelper.java:104)
	at org.testng.internal.Invoker.invokeMethod(Invoker.java:645)
	at org.testng.internal.Invoker.retryFailed(Invoker.java:998)
	at org.testng.internal.Invoker.invokeTestMethods(Invoker.java:1200)
	at org.testng.internal.TestMethodWorker.invokeTestMethods(TestMethodWorker.java:129)
	at org.testng.internal.TestMethodWorker.run(TestMethodWorker.java:112)
	at org.testng.TestRunner.privateRun(TestRunner.java:756)
	at org.testng.TestRunner.run(TestRunner.java:610)
	at org.testng.SuiteRunner.runTest(SuiteRunner.java:387)
	at org.testng.SuiteRunner.runSequentially(SuiteRunner.java:382)
	at org.testng.SuiteRunner.privateRun(SuiteRunner.java:340)
	at org.testng.SuiteRunner.run(SuiteRunner.java:289)
	at org.testng.SuiteRunnerWorker.runSuite(SuiteRunnerWorker.java:52)
	at org.testng.SuiteRunnerWorker.run(SuiteRunnerWorker.java:86)
	at org.testng.TestNG.runSuitesSequentially(TestNG.java:1293)
	at org.testng.TestNG.runSuitesLocally(TestNG.java:1218)
	at org.testng.TestNG.runSuites(TestNG.java:1133)
	at org.testng.TestNG.run(TestNG.java:1104)
	at org.testng.remote.AbstractRemoteTestNG.run(AbstractRemoteTestNG.java:114)
	at org.testng.remote.RemoteTestNG.initAndRun(RemoteTestNG.java:251)
	at org.testng.remote.RemoteTestNG.main(RemoteTestNG.java:77)
</pre></div></td>
<td>13</td>
<td>com.chandao.testcase.LoginTest@2898ac89</td></tr>
</table><p>
<table width='100%' border='1' class='invocation-passed'>
<tr><td colspan='4' align='center'><b>PASSED TESTS</b></td></tr>
<tr><td><b>Test method</b></td>
<td width="30%"><b>Exception</b></td>
<td width="10%"><b>Time (seconds)</b></td>
<td><b>Instance</b></td>
</tr>
<tr>
<td title='com.chandao.testcase.LoginTest.filelogin01()'><b>filelogin01</b><br>Test class: com.chandao.testcase.LoginTest<br/>
<a href="#Output-106557175" onClick='toggleBox("Output-106557175", this, "Show output", "Hide output");'>Show output</a>

<a href="#Output-106557175" onClick="toggleAllBoxes();">Show all outputs</a>
<div class='log' id="Output-106557175">
<span style="color:#16A05D"><b>[2017-10-25 19:21:26] [INFO] com.chandao.utils.TestNGListener: 测试用例开始执行</b></span><br /><br/>
<span style="color:#16A05D"><b>[2017-10-25 19:21:28] [INFO] com.chandao.baseframework.DriverUntils: 打开网址：http://192.168.1.120:81/zentao/</b></span><br /><br/>
<span style="color:#16A05D"><b>[2017-10-25 19:21:28] [INFO] com.chandao.baseframework.DriverUntils:  在元素：用户名输入框 输入admin</b></span><br /><br/>
<span style="color:#16A05D"><b>[2017-10-25 19:21:29] [INFO] com.chandao.baseframework.DriverUntils:  在元素：密码输入框 输入123456</b></span><br /><br/>
<span style="color:#16A05D"><b>[2017-10-25 19:21:29] [INFO] com.chandao.baseframework.DriverUntils: 点击元素：登录按钮</b></span><br /><br/>
<span style="color:#16A05D"><b>[2017-10-25 19:21:29] [INFO] com.chandao.utils.TestNGListener: 测试用例执行成功</b></span><br /><br/>
</div>
</td>
<td></td>
<td>2</td>
<td>com.chandao.testcase.LoginTest@2898ac89</td></tr>
</table><p>
<table width='100%' border='1' class='invocation-skipped'>
<tr><td colspan='4' align='center'><b>SKIPPED TESTS</b></td></tr>
<tr><td><b>Test method</b></td>
<td width="30%"><b>Exception</b></td>
<td width="10%"><b>Time (seconds)</b></td>
<td><b>Instance</b></td>
</tr>
<tr>
<td title='com.chandao.testcase.LoginTest.loginTest()'><b>loginTest</b><br>Test class: com.chandao.testcase.LoginTest<br/>
<a href="#Output-1541075662" onClick='toggleBox("Output-1541075662", this, "Show output", "Hide output");'>Show output</a>

<a href="#Output-1541075662" onClick="toggleAllBoxes();">Show all outputs</a>
<div class='log' id="Output-1541075662">
<span style="color:#16A05D"><b>[2017-10-25 19:21:29] [INFO] com.chandao.utils.TestNGListener: 测试用例开始执行</b></span><br /><br/>
<span style="color:#16A05D"><b>[2017-10-25 19:21:32] [INFO] com.chandao.baseframework.DriverUntils: 打开网址：http://192.168.1.120:81/zentao/</b></span><br /><br/>
<span style="color:#16A05D"><b>[2017-10-25 19:21:32] [INFO] com.chandao.baseframework.DriverUntils:  在元素：用户名输入框 输入admin</b></span><br /><br/>
<span style="color:#16A05D"><b>[2017-10-25 19:21:33] [INFO] com.chandao.baseframework.DriverUntils:  在元素：密码输入框 输入cjj18890497658</b></span><br /><br/>
<span style="color:#16A05D"><b>[2017-10-25 19:21:33] [INFO] com.chandao.baseframework.DriverUntils: 点击元素：登录按钮</b></span><br /><br/>
<span style="color:#16A05D"><b>[2017-10-25 19:21:36] [INFO] com.chandao.baseframework.DriverUntils: 获取元素：用户主菜单文本值</b></span><br /><br/>
<span style="color:#16A05D"><b>[2017-10-25 19:21:37] [INFO] com.chandao.utils.TestngRetry: Running retry for 'loginTest' on class com.chandao.utils.TestngRetry Retrying 1 times</b></span><br /><br/>
<span style="color:#FF0000"><b>[2017-10-25 19:21:37] [ERROR] com.chandao.utils.TestNGListener: 测试用例被跳过</b></span><br /><br/>
</div>
</td>
<td><div><pre>java.lang.NullPointerException
	at java.lang.String.contains(String.java:2133)
	at com.chandao.utils.AccertUtils.checkStringContains(AccertUtils.java:17)
	at com.chandao.testcase.LoginTest.loginTest(LoginTest.java:48)
... Removed 25 stack frames</pre></div><a href='#' onClick='toggleBox("stack-trace1541075662", this, "Click to show all stack frames", "Click to hide stack frames")'>Click to show all stack frames</a>
<div class='stack-trace' id='stack-trace1541075662'><pre>java.lang.NullPointerException
	at java.lang.String.contains(String.java:2133)
	at com.chandao.utils.AccertUtils.checkStringContains(AccertUtils.java:17)
	at com.chandao.testcase.LoginTest.loginTest(LoginTest.java:48)
	at sun.reflect.NativeMethodAccessorImpl.invoke0(Native Method)
	at sun.reflect.NativeMethodAccessorImpl.invoke(NativeMethodAccessorImpl.java:62)
	at sun.reflect.DelegatingMethodAccessorImpl.invoke(DelegatingMethodAccessorImpl.java:43)
	at java.lang.reflect.Method.invoke(Method.java:498)
	at org.testng.internal.MethodInvocationHelper.invokeMethod(MethodInvocationHelper.java:104)
	at org.testng.internal.Invoker.invokeMethod(Invoker.java:645)
	at org.testng.internal.Invoker.invokeTestMethod(Invoker.java:851)
	at org.testng.internal.Invoker.invokeTestMethods(Invoker.java:1177)
	at org.testng.internal.TestMethodWorker.invokeTestMethods(TestMethodWorker.java:129)
	at org.testng.internal.TestMethodWorker.run(TestMethodWorker.java:112)
	at org.testng.TestRunner.privateRun(TestRunner.java:756)
	at org.testng.TestRunner.run(TestRunner.java:610)
	at org.testng.SuiteRunner.runTest(SuiteRunner.java:387)
	at org.testng.SuiteRunner.runSequentially(SuiteRunner.java:382)
	at org.testng.SuiteRunner.privateRun(SuiteRunner.java:340)
	at org.testng.SuiteRunner.run(SuiteRunner.java:289)
	at org.testng.SuiteRunnerWorker.runSuite(SuiteRunnerWorker.java:52)
	at org.testng.SuiteRunnerWorker.run(SuiteRunnerWorker.java:86)
	at org.testng.TestNG.runSuitesSequentially(TestNG.java:1293)
	at org.testng.TestNG.runSuitesLocally(TestNG.java:1218)
	at org.testng.TestNG.runSuites(TestNG.java:1133)
	at org.testng.TestNG.run(TestNG.java:1104)
	at org.testng.remote.AbstractRemoteTestNG.run(AbstractRemoteTestNG.java:114)
	at org.testng.remote.RemoteTestNG.initAndRun(RemoteTestNG.java:251)
	at org.testng.remote.RemoteTestNG.main(RemoteTestNG.java:77)
</pre></div></td>
<td>7</td>
<td>com.chandao.testcase.LoginTest@2898ac89</td></tr>
<tr>
<td title='com.chandao.testcase.LoginTest.loginTest()'><b>loginTest</b><br>Test class: com.chandao.testcase.LoginTest<br/>
<a href="#Output-641030345" onClick='toggleBox("Output-641030345", this, "Show output", "Hide output");'>Show output</a>

<a href="#Output-641030345" onClick="toggleAllBoxes();">Show all outputs</a>
<div class='log' id="Output-641030345">
<span style="color:#16A05D"><b>[2017-10-25 19:21:37] [INFO] com.chandao.utils.TestNGListener: 测试用例开始执行</b></span><br /><br/>
<span style="color:#16A05D"><b>[2017-10-25 19:21:40] [INFO] com.chandao.baseframework.DriverUntils: 打开网址：http://192.168.1.120:81/zentao/</b></span><br /><br/>
<span style="color:#16A05D"><b>[2017-10-25 19:21:50] [INFO] com.chandao.baseframework.DriverUntils: 失败截图保存的路径为:C:\Users\cjj123\workspace\T71Chandao\Shot\findElementErrorImage_2017_10_25_19_21_50.png</b></span><br /><br/>
<span style="color:#16A05D"><b>[2017-10-25 19:21:50] [INFO] com.chandao.baseframework.DriverUntils: 截图成功！！！</b></span><br /><br/>
<a target='_blank' href="file:C:\Users\cjj123\workspace\T71Chandao\Shot\findElementErrorImage_2017_10_25_19_21_50.png"><br/>
<img width="350" src="file:C:\Users\cjj123\workspace\T71Chandao\Shot\findElementErrorImage_2017_10_25_19_21_50.png" />    截图：C:\Users\cjj123\AppData\Local\Temp\screenshot1529192430206544817.png<br/>
</a><br /><br/>
<span style="color:#16A05D"><b>[2017-10-25 19:21:50] [INFO] com.chandao.baseframework.DriverUntils: 元素：用户名输入框 识别异常</b></span><br /><br/>
<span style="color:#16A05D"><b>[2017-10-25 19:21:50] [INFO] com.chandao.utils.TestngRetry: Running retry for 'loginTest' on class com.chandao.utils.TestngRetry Retrying 2 times</b></span><br /><br/>
<span style="color:#FF0000"><b>[2017-10-25 19:21:50] [ERROR] com.chandao.utils.TestNGListener: 测试用例被跳过</b></span><br /><br/>
</div>
</td>
<td><div><pre>junit.framework.AssertionFailedError: 查找元素异常，退出当前测试用例
	at junit.framework.Assert.fail(Assert.java:47)
	at com.chandao.baseframework.WebElementUntils.getElement(WebElementUntils.java:57)
	at com.chandao.baseframework.WebElementUntils$1.apply(WebElementUntils.java:66)
	at com.chandao.baseframework.WebElementUntils$1.apply(WebElementUntils.java:1)
	at org.openqa.selenium.support.ui.FluentWait.until(FluentWait.java:209)
	at com.chandao.baseframework.WebElementUntils.findElement(WebElementUntils.java:64)
	at com.chandao.baseframework.WebElementUntils.sendkeys(WebElementUntils.java:79)
	at com.chandao.pages.LoginPage.inputUserName(LoginPage.java:30)
	at com.chandao.actions.LoginOperate.LoginSuess(LoginOperate.java:25)
	at com.chandao.actions.LoginOperate.getLoginName(LoginOperate.java:31)
	at com.chandao.testcase.LoginTest.loginTest(LoginTest.java:46)
... Removed 25 stack frames</pre></div><a href='#' onClick='toggleBox("stack-trace641030345", this, "Click to show all stack frames", "Click to hide stack frames")'>Click to show all stack frames</a>
<div class='stack-trace' id='stack-trace641030345'><pre>junit.framework.AssertionFailedError: 查找元素异常，退出当前测试用例
	at junit.framework.Assert.fail(Assert.java:47)
	at com.chandao.baseframework.WebElementUntils.getElement(WebElementUntils.java:57)
	at com.chandao.baseframework.WebElementUntils$1.apply(WebElementUntils.java:66)
	at com.chandao.baseframework.WebElementUntils$1.apply(WebElementUntils.java:1)
	at org.openqa.selenium.support.ui.FluentWait.until(FluentWait.java:209)
	at com.chandao.baseframework.WebElementUntils.findElement(WebElementUntils.java:64)
	at com.chandao.baseframework.WebElementUntils.sendkeys(WebElementUntils.java:79)
	at com.chandao.pages.LoginPage.inputUserName(LoginPage.java:30)
	at com.chandao.actions.LoginOperate.LoginSuess(LoginOperate.java:25)
	at com.chandao.actions.LoginOperate.getLoginName(LoginOperate.java:31)
	at com.chandao.testcase.LoginTest.loginTest(LoginTest.java:46)
	at sun.reflect.NativeMethodAccessorImpl.invoke0(Native Method)
	at sun.reflect.NativeMethodAccessorImpl.invoke(NativeMethodAccessorImpl.java:62)
	at sun.reflect.DelegatingMethodAccessorImpl.invoke(DelegatingMethodAccessorImpl.java:43)
	at java.lang.reflect.Method.invoke(Method.java:498)
	at org.testng.internal.MethodInvocationHelper.invokeMethod(MethodInvocationHelper.java:104)
	at org.testng.internal.Invoker.invokeMethod(Invoker.java:645)
	at org.testng.internal.Invoker.retryFailed(Invoker.java:998)
	at org.testng.internal.Invoker.invokeTestMethods(Invoker.java:1200)
	at org.testng.internal.TestMethodWorker.invokeTestMethods(TestMethodWorker.java:129)
	at org.testng.internal.TestMethodWorker.run(TestMethodWorker.java:112)
	at org.testng.TestRunner.privateRun(TestRunner.java:756)
	at org.testng.TestRunner.run(TestRunner.java:610)
	at org.testng.SuiteRunner.runTest(SuiteRunner.java:387)
	at org.testng.SuiteRunner.runSequentially(SuiteRunner.java:382)
	at org.testng.SuiteRunner.privateRun(SuiteRunner.java:340)
	at org.testng.SuiteRunner.run(SuiteRunner.java:289)
	at org.testng.SuiteRunnerWorker.runSuite(SuiteRunnerWorker.java:52)
	at org.testng.SuiteRunnerWorker.run(SuiteRunnerWorker.java:86)
	at org.testng.TestNG.runSuitesSequentially(TestNG.java:1293)
	at org.testng.TestNG.runSuitesLocally(TestNG.java:1218)
	at org.testng.TestNG.runSuites(TestNG.java:1133)
	at org.testng.TestNG.run(TestNG.java:1104)
	at org.testng.remote.AbstractRemoteTestNG.run(AbstractRemoteTestNG.java:114)
	at org.testng.remote.RemoteTestNG.initAndRun(RemoteTestNG.java:251)
	at org.testng.remote.RemoteTestNG.main(RemoteTestNG.java:77)
</pre></div></td>
<td>13</td>
<td>com.chandao.testcase.LoginTest@2898ac89</td></tr>
</table><p>
</body>
</html>